<?xml version="1.0" encoding="UTF-8"?>
<!-- Generated by org.testng.reporters.JUnitXMLReporter -->
<testsuite ignored="0" hostname="DESKTOP-CHGB98A" failures="0" tests="3" name="Default test" time="0.185" errors="0" timestamp="2022-05-28T16:47:21 ICT">
  <testcase classname="com.nopecommerce.user.User_01_Register_Login" name="TC_01_Register_Empty_Dat" time="0.024"/>
  <testcase classname="com.nopecommerce.user.User_01_Register_Login" name="TC_02_Register_Invalid_Email" time="0.008"/>
  <testcase classname="com.nopecommerce.user.User_01_Register_Login" name="TC_03_Register_Invalid_Password" time="0.013"/>
</testsuite> <!-- Default test -->
